<?xml version="1.0" encoding="UTF-8"?>
<!-- Generated by org.testng.reporters.JUnitReportReporter -->
<testsuite skipped="0" hostname="W10DR8CJR2" name="week1.TestList" tests="2" failures="0" timestamp="20 Aug 2020 09:39:40 GMT" time="0.006" errors="0">
  <testcase name="test1" time="0.004" classname="week1.TestList"/>
  <testcase name="test2" time="0.002" classname="week1.TestList"/>
</testsuite> <!-- week1.TestList -->
