<?xml version="1.0" encoding="UTF-8"?>
<!-- Generated by org.testng.reporters.JUnitReportReporter -->
<testsuite skipped="0" hostname="W10DR8CJR2" name="Pack2.SameClassDataProvider" tests="4" failures="0" timestamp="28 Nov 2019 12:59:00 GMT" time="0.010" errors="0">
  <testcase name="testMethod" time="0.001" classname="Pack2.SameClassDataProvider"/>
  <testcase name="testMethod" time="0.001" classname="Pack2.SameClassDataProvider"/>
  <testcase name="testMethod" time="0.007" classname="Pack2.SameClassDataProvider"/>
  <testcase name="testMethod" time="0.001" classname="Pack2.SameClassDataProvider"/>
</testsuite> <!-- Pack2.SameClassDataProvider -->
