<?xml version="1.0" encoding="UTF-8"?>
<!-- Generated by org.testng.reporters.JUnitReportReporter -->
<testsuite skipped="0" hostname="W10DR8CJR2" name="collectionns.SingltonTest" tests="1" failures="0" timestamp="06 Nov 2020 16:56:25 GMT" time="14.515" errors="0">
  <testcase name="testMethod" time="14.515" classname="collectionns.SingltonTest"/>
</testsuite> <!-- collectionns.SingltonTest -->
