<?xml version="1.0" encoding="UTF-8"?>
<!-- Generated by org.testng.reporters.JUnitReportReporter -->
<testsuite skipped="0" hostname="W10DR8CJR2" name="week1.Sam1" tests="1" failures="0" timestamp="11 Mar 2019 10:19:22 GMT" time="0.007" errors="0">
  <testcase name="test" time="0.007" classname="week1.Sam1"/>
</testsuite> <!-- week1.Sam1 -->
