<?xml version="1.0" encoding="UTF-8"?>
<!-- Generated by org.testng.reporters.JUnitReportReporter -->
<testsuite skipped="0" hostname="W10DR8CJR2" name="collectionns.SingltonTest" tests="1" failures="0" timestamp="10 Nov 2020 09:29:04 GMT" time="20.780" errors="0">
  <testcase name="testMethod" time="20.780" classname="collectionns.SingltonTest"/>
</testsuite> <!-- collectionns.SingltonTest -->
